{
  "RSpec": {
    "coverage": {
      "/home/vladyslav/heroku/Auction-Marketplace-API/app/models/user.rb": [
        null,
        null,
        null,
        null,
        null,
        null,
        null,
        null,
        null,
        null,
        null,
        null,
        null,
        null,
        null,
        null,
        null,
        null,
        1,
        1,
        1,
        1,
        1,
        1,
        1,
        1,
        1,
        1,
        0,
        null,
        null,
        null
      ],
      "/home/vladyslav/heroku/Auction-Marketplace-API/app/models/application_record.rb": [
        1,
        1,
        null
      ],
      "/home/vladyslav/heroku/Auction-Marketplace-API/app/controllers/application_controller.rb": [
        0,
        0
      ],
      "/home/vladyslav/heroku/Auction-Marketplace-API/app/jobs/application_job.rb": [
        0,
        0
      ],
      "/home/vladyslav/heroku/Auction-Marketplace-API/app/models/lot.rb": [
        null,
        null,
        null,
        null,
        null,
        null,
        null,
        null,
        null,
        null,
        null,
        null,
        null,
        null,
        null,
        null,
        null,
        0,
        0,
        0,
        0,
        0
      ],
      "/home/vladyslav/heroku/Auction-Marketplace-API/app/models/order.rb": [
        null,
        null,
        null,
        null,
        null,
        null,
        null,
        null,
        null,
        null,
        null,
        null,
        null,
        null,
        null,
        null,
        null,
        null,
        0,
        0,
        0,
        0
      ],
      "/home/vladyslav/heroku/Auction-Marketplace-API/app/models/bid.rb": [
        null,
        null,
        null,
        null,
        null,
        null,
        null,
        null,
        null,
        null,
        null,
        null,
        null,
        null,
        null,
        null,
        null,
        null,
        null,
        null,
        null,
        0,
        0,
        0,
        0,
        0
      ],
      "/home/vladyslav/heroku/Auction-Marketplace-API/app/channels/application_cable/connection.rb": [
        0,
        0,
        0,
        0
      ],
      "/home/vladyslav/heroku/Auction-Marketplace-API/app/channels/application_cable/channel.rb": [
        0,
        0,
        0,
        0
      ],
      "/home/vladyslav/heroku/Auction-Marketplace-API/app/mailers/application_mailer.rb": [
        0,
        0,
        0,
        0
      ]
    },
    "timestamp": 1527705855
  }
}
